[14:43:26.258] [BankResearch] [INFO] Debug mode enabled by user
[14:43:26.259] [BankResearch] [INFO] ============================================================
[14:43:26.259] [BankResearch] [INFO] Debug logging is now active!
[14:43:26.259] [BankResearch] [INFO] All debug messages will be printed to console and saved to debug.log
[14:43:26.259] [BankResearch] [INFO] ============================================================
[14:43:26.259] [BankResearch] [INFO] Sort method changed to: Boividevngu
[14:43:26.259] [BankResearch] [INFO] BankResearch v0.7.0 initialized
[19:02:12.655] [BankResearch] [INFO] Debug mode enabled by user
[19:02:12.656] [BankResearch] [INFO] ============================================================
[19:02:12.666] [BankResearch] [INFO] Debug logging is now active!
[19:02:12.667] [BankResearch] [INFO] All debug messages will be printed to console and saved to debug.log
[19:02:12.667] [BankResearch] [INFO] ============================================================
[19:02:12.667] [BankResearch] [INFO] Sort method changed to: Boividevngu
[19:02:12.668] [BankResearch] [INFO] BankResearch v0.7.0 initialized
[19:03:48.753] [BankResearch] [INFO] Sort button pressed, using method: Boividevngu
[19:03:48.754] [BankResearch] [INFO] sort_bank_items called with method: Boividevngu
[19:03:48.754] [BankResearch] [DEBUG] PlayerController found, attempting to sort bank using 'Boividevngu' method
[19:03:48.754] [BankResearch] [DEBUG] Trying to find class: BankInventory
[19:03:48.754] [BankResearch] [DEBUG] Class BankInventory not found: Couldn't find class 'BankInventory'
[19:03:48.754] [BankResearch] [DEBUG] Trying to find class: OakInventory
[19:03:48.755] [BankResearch] [DEBUG] Class OakInventory not found: Couldn't find class 'OakInventory'
[19:03:48.755] [BankResearch] [DEBUG] Trying to find class: OakBank
[19:03:48.755] [BankResearch] [DEBUG] Class OakBank not found: Couldn't find class 'OakBank'
[19:03:48.755] [BankResearch] [DEBUG] Trying to find class: InventoryComponent
[19:03:48.755] [BankResearch] [DEBUG] Class InventoryComponent not found: Couldn't find class 'InventoryComponent'
[19:03:48.756] [BankResearch] [DEBUG] Trying to find class: BankComponent
[19:03:48.756] [BankResearch] [DEBUG] Class BankComponent not found: Couldn't find class 'BankComponent'
[19:03:48.756] [BankResearch] [DEBUG] Trying to find class: OakStorageComponent
[19:03:48.756] [BankResearch] [DEBUG] Class OakStorageComponent not found: Couldn't find class 'OakStorageComponent'
[19:03:48.756] [BankResearch] [DEBUG] Trying to find class: OakInventoryBalanceStateComponent
[19:03:48.776] [BankResearch] [INFO] Found 48 OakInventoryBalanceStateComponent objects
[19:03:48.776] [BankResearch] [INFO] Found 48 OakInventoryBalanceStateComponent objects for sorting
[19:03:48.776] [BankResearch] [INFO] Bank sort 'Boividevngu' attempted but not implemented (placeholder)
[19:04:22.231] [BankResearch] [INFO] Sort button pressed, using method: Boividevngu
[19:04:22.231] [BankResearch] [INFO] sort_bank_items called with method: Boividevngu
[19:04:22.232] [BankResearch] [DEBUG] PlayerController found, attempting to sort bank using 'Boividevngu' method
[19:04:22.232] [BankResearch] [DEBUG] Trying to find class: BankInventory
[19:04:22.232] [BankResearch] [DEBUG] Class BankInventory not found: Couldn't find class 'BankInventory'
[19:04:22.232] [BankResearch] [DEBUG] Trying to find class: OakInventory
[19:04:22.232] [BankResearch] [DEBUG] Class OakInventory not found: Couldn't find class 'OakInventory'
[19:04:22.232] [BankResearch] [DEBUG] Trying to find class: OakBank
[19:04:22.232] [BankResearch] [DEBUG] Class OakBank not found: Couldn't find class 'OakBank'
[19:04:22.233] [BankResearch] [DEBUG] Trying to find class: InventoryComponent
[19:04:22.233] [BankResearch] [DEBUG] Class InventoryComponent not found: Couldn't find class 'InventoryComponent'
[19:04:22.233] [BankResearch] [DEBUG] Trying to find class: BankComponent
[19:04:22.233] [BankResearch] [DEBUG] Class BankComponent not found: Couldn't find class 'BankComponent'
[19:04:22.233] [BankResearch] [DEBUG] Trying to find class: OakStorageComponent
[19:04:22.233] [BankResearch] [DEBUG] Class OakStorageComponent not found: Couldn't find class 'OakStorageComponent'
[19:04:22.233] [BankResearch] [DEBUG] Trying to find class: OakInventoryBalanceStateComponent
[19:04:22.247] [BankResearch] [INFO] Found 48 OakInventoryBalanceStateComponent objects
[19:04:22.248] [BankResearch] [INFO] Found 48 OakInventoryBalanceStateComponent objects for sorting
[19:04:22.248] [BankResearch] [INFO] Bank sort 'Boividevngu' attempted but not implemented (placeholder)
